<?xml version="1.0" encoding="UTF-8"?>
<!-- Generated by org.testng.reporters.JUnitXMLReporter -->
<testsuite hostname="Naveen-Mac.local" ignored="0" name="home page test" tests="3" failures="0" timestamp="26 May 2020 03:15:17 GMT" time="20.58" errors="0">
  <testcase name="verifyHomePageHeader" time="4.45" classname="com.qa.hubspot.tests.HomePageTest"/>
  <testcase name="verifyLoggedInUserTest" time="0.062" classname="com.qa.hubspot.tests.HomePageTest"/>
  <testcase name="verifyHomePageTitle" time="0.01" classname="com.qa.hubspot.tests.HomePageTest"/>
</testsuite> <!-- home page test -->
