<?xml version="1.0" encoding="UTF-8"?>
<!-- Generated by org.testng.reporters.JUnitXMLReporter -->
<testsuite hostname="Naveen-Mac.local" ignored="0" name="login page test" tests="3" failures="0" timestamp="26 May 2020 03:15:12 GMT" time="16.63" errors="0">
  <testcase name="verifySignUpLinkTest" time="4.648" classname="com.qa.hubspot.tests.LoginPageTest"/>
  <testcase name="verifyLoginPageTitleTest" time="0.026" classname="com.qa.hubspot.tests.LoginPageTest"/>
  <testcase name="loginTest" time="1.499" classname="com.qa.hubspot.tests.LoginPageTest"/>
</testsuite> <!-- login page test -->
