<?xml version="1.0" encoding="UTF-8"?>
<testng-results skipped="0" failed="0" ignored="0" total="6" passed="6">
  <reporter-output>
  </reporter-output>
  <suite name="Hub spot Test automtion regression suite" duration-ms="20580" started-at="2020-05-26T03:14:50Z" finished-at="2020-05-26T03:15:10Z">
    <groups>
    </groups>
    <test name="login page test" duration-ms="16630" started-at="2020-05-26T03:14:50Z" finished-at="2020-05-26T03:15:07Z">
      <class name="com.qa.hubspot.tests.LoginPageTest">
        <test-method status="PASS" signature="setUp()[pri:0, instance:com.qa.hubspot.tests.LoginPageTest@7cd62f43]" name="setUp" is-config="true" duration-ms="7520" started-at="2020-05-26T03:14:50Z" finished-at="2020-05-26T03:14:57Z">
          <reporter-output>
          </reporter-output>
        </test-method> <!-- setUp -->
        <test-method status="PASS" signature="verifySignUpLinkTest()[pri:1, instance:com.qa.hubspot.tests.LoginPageTest@7cd62f43]" name="verifySignUpLinkTest" duration-ms="4648" started-at="2020-05-26T03:14:57Z" finished-at="2020-05-26T03:15:02Z">
          <reporter-output>
          </reporter-output>
        </test-method> <!-- verifySignUpLinkTest -->
        <test-method status="PASS" signature="verifyLoginPageTitleTest()[pri:2, instance:com.qa.hubspot.tests.LoginPageTest@7cd62f43]" name="verifyLoginPageTitleTest" duration-ms="26" started-at="2020-05-26T03:15:02Z" finished-at="2020-05-26T03:15:02Z">
          <reporter-output>
          </reporter-output>
        </test-method> <!-- verifyLoginPageTitleTest -->
        <test-method status="PASS" signature="loginTest()[pri:3, instance:com.qa.hubspot.tests.LoginPageTest@7cd62f43]" name="loginTest" duration-ms="1499" started-at="2020-05-26T03:15:02Z" finished-at="2020-05-26T03:15:04Z">
          <reporter-output>
          </reporter-output>
        </test-method> <!-- loginTest -->
        <test-method status="PASS" signature="tearDown()[pri:0, instance:com.qa.hubspot.tests.LoginPageTest@7cd62f43]" name="tearDown" is-config="true" duration-ms="2876" started-at="2020-05-26T03:15:04Z" finished-at="2020-05-26T03:15:07Z">
          <reporter-output>
          </reporter-output>
        </test-method> <!-- tearDown -->
      </class> <!-- com.qa.hubspot.tests.LoginPageTest -->
    </test> <!-- login page test -->
    <test name="home page test" duration-ms="20580" started-at="2020-05-26T03:14:50Z" finished-at="2020-05-26T03:15:10Z">
      <class name="com.qa.hubspot.tests.HomePageTest">
        <test-method status="PASS" signature="setUp()[pri:0, instance:com.qa.hubspot.tests.HomePageTest@2f686d1f]" name="setUp" is-config="true" duration-ms="14227" started-at="2020-05-26T03:14:50Z" finished-at="2020-05-26T03:15:04Z">
          <reporter-output>
          </reporter-output>
        </test-method> <!-- setUp -->
        <test-method status="PASS" signature="verifyHomePageHeader()[pri:1, instance:com.qa.hubspot.tests.HomePageTest@2f686d1f]" name="verifyHomePageHeader" duration-ms="4450" started-at="2020-05-26T03:15:04Z" finished-at="2020-05-26T03:15:09Z">
          <reporter-output>
          </reporter-output>
        </test-method> <!-- verifyHomePageHeader -->
        <test-method status="PASS" signature="verifyLoggedInUserTest()[pri:2, instance:com.qa.hubspot.tests.HomePageTest@2f686d1f]" name="verifyLoggedInUserTest" duration-ms="62" started-at="2020-05-26T03:15:09Z" finished-at="2020-05-26T03:15:09Z">
          <reporter-output>
          </reporter-output>
        </test-method> <!-- verifyLoggedInUserTest -->
        <test-method status="PASS" signature="verifyHomePageTitle()[pri:3, instance:com.qa.hubspot.tests.HomePageTest@2f686d1f]" name="verifyHomePageTitle" duration-ms="10" started-at="2020-05-26T03:15:09Z" finished-at="2020-05-26T03:15:09Z">
          <reporter-output>
          </reporter-output>
        </test-method> <!-- verifyHomePageTitle -->
        <test-method status="PASS" signature="tearDown()[pri:0, instance:com.qa.hubspot.tests.HomePageTest@2f686d1f]" name="tearDown" is-config="true" duration-ms="1822" started-at="2020-05-26T03:15:09Z" finished-at="2020-05-26T03:15:10Z">
          <reporter-output>
          </reporter-output>
        </test-method> <!-- tearDown -->
      </class> <!-- com.qa.hubspot.tests.HomePageTest -->
    </test> <!-- home page test -->
  </suite> <!-- Hub spot Test automtion regression suite -->
</testng-results>
